[2020-09-26 16:00:22,724] {taskinstance.py:669} INFO - Dependencies all met for <TaskInstance: bigquery_data_load.create_table 2020-09-26T22:00:00+00:00 [queued]>
[2020-09-26 16:00:22,737] {taskinstance.py:669} INFO - Dependencies all met for <TaskInstance: bigquery_data_load.create_table 2020-09-26T22:00:00+00:00 [queued]>
[2020-09-26 16:00:22,737] {taskinstance.py:879} INFO - 
--------------------------------------------------------------------------------
[2020-09-26 16:00:22,737] {taskinstance.py:880} INFO - Starting attempt 1 of 1
[2020-09-26 16:00:22,737] {taskinstance.py:881} INFO - 
--------------------------------------------------------------------------------
[2020-09-26 16:00:22,743] {taskinstance.py:900} INFO - Executing <Task(BigQueryOperator): create_table> on 2020-09-26T22:00:00+00:00
[2020-09-26 16:00:22,746] {standard_task_runner.py:53} INFO - Started process 15949 to run task
[2020-09-26 16:00:22,807] {logging_mixin.py:112} INFO - Running %s on host %s <TaskInstance: bigquery_data_load.create_table 2020-09-26T22:00:00+00:00 [running]> 1.0.0.0.0.0.0.0.0.0.0.0.0.0.0.0.0.0.0.0.0.0.0.0.0.0.0.0.0.0.0.0.ip6.arpa
[2020-09-26 16:00:22,826] {bigquery_operator.py:252} INFO - Executing: 
        SELECT * except (rank)
        FROM (
            SELECT
                *,
                ROW_NUMBER() OVER (
                    PARTITION BY vehicle_id ORDER BY DATETIME(date, TIME(hour, minute, 0)) DESC
                ) as rank
            FROM `pika-airflow-tutorial.vehicle_analytics.history`) as latest
        WHERE rank = 1;
        
[2020-09-26 16:00:24,012] {logging_mixin.py:112} INFO - [2020-09-26 16:00:24,011] {bigquery_hook.py:1347} INFO - Waiting for job to complete : pika-airflow-tutorial, job_YBWTNzX_dVhcY7jWqDzBjnEMg7C3
[2020-09-26 16:00:29,519] {taskinstance.py:1065} INFO - Marking task as SUCCESS.dag_id=bigquery_data_load, task_id=create_table, execution_date=20200926T220000, start_date=20200926T230022, end_date=20200926T230029
[2020-09-26 16:00:32,718] {logging_mixin.py:112} INFO - [2020-09-26 16:00:32,717] {local_task_job.py:103} INFO - Task exited with return code 0
