[2020-09-26 15:49:17,681] {taskinstance.py:669} INFO - Dependencies all met for <TaskInstance: bigquery_data_load.create_table 2020-09-26T21:00:00+00:00 [queued]>
[2020-09-26 15:49:17,690] {taskinstance.py:669} INFO - Dependencies all met for <TaskInstance: bigquery_data_load.create_table 2020-09-26T21:00:00+00:00 [queued]>
[2020-09-26 15:49:17,690] {taskinstance.py:879} INFO - 
--------------------------------------------------------------------------------
[2020-09-26 15:49:17,690] {taskinstance.py:880} INFO - Starting attempt 1 of 1
[2020-09-26 15:49:17,690] {taskinstance.py:881} INFO - 
--------------------------------------------------------------------------------
[2020-09-26 15:49:17,696] {taskinstance.py:900} INFO - Executing <Task(BigQueryOperator): create_table> on 2020-09-26T21:00:00+00:00
[2020-09-26 15:49:17,699] {standard_task_runner.py:53} INFO - Started process 15064 to run task
[2020-09-26 15:49:17,749] {logging_mixin.py:112} INFO - Running %s on host %s <TaskInstance: bigquery_data_load.create_table 2020-09-26T21:00:00+00:00 [running]> 1.0.0.0.0.0.0.0.0.0.0.0.0.0.0.0.0.0.0.0.0.0.0.0.0.0.0.0.0.0.0.0.ip6.arpa
[2020-09-26 15:49:17,766] {bigquery_operator.py:252} INFO - Executing: 
        SELECT * except (rank)
        FROM (
            SELECT
                *,
                ROW_NUMBER() OVER (
                    PARTITION BY vehicle_id ORDER BY DATETIME(date, TIME(hour, minute, 0)) DESC
                ) as rank
            FROM `pika-airflow-tutorial.vehicle_analytics.history`) as latest
        WHERE rank = 1;
        
[2020-09-26 15:49:19,293] {logging_mixin.py:112} INFO - [2020-09-26 15:49:19,292] {bigquery_hook.py:1347} INFO - Waiting for job to complete : pika-airflow-tutorial, job_kGQluYnX9EqTR2YzmYn3wZAPJoHK
[2020-09-26 15:49:24,864] {taskinstance.py:1065} INFO - Marking task as SUCCESS.dag_id=bigquery_data_load, task_id=create_table, execution_date=20200926T210000, start_date=20200926T224917, end_date=20200926T224924
[2020-09-26 15:49:27,675] {logging_mixin.py:112} INFO - [2020-09-26 15:49:27,674] {local_task_job.py:103} INFO - Task exited with return code 0
