[2020-09-26 17:02:40,114] {taskinstance.py:669} INFO - Dependencies all met for <TaskInstance: bigquery_data_load.create_table 2020-09-26T23:00:00+00:00 [queued]>
[2020-09-26 17:02:40,124] {taskinstance.py:669} INFO - Dependencies all met for <TaskInstance: bigquery_data_load.create_table 2020-09-26T23:00:00+00:00 [queued]>
[2020-09-26 17:02:40,124] {taskinstance.py:879} INFO - 
--------------------------------------------------------------------------------
[2020-09-26 17:02:40,124] {taskinstance.py:880} INFO - Starting attempt 1 of 1
[2020-09-26 17:02:40,124] {taskinstance.py:881} INFO - 
--------------------------------------------------------------------------------
[2020-09-26 17:02:40,130] {taskinstance.py:900} INFO - Executing <Task(BigQueryOperator): create_table> on 2020-09-26T23:00:00+00:00
[2020-09-26 17:02:40,133] {standard_task_runner.py:53} INFO - Started process 21577 to run task
[2020-09-26 17:02:40,190] {logging_mixin.py:112} INFO - Running %s on host %s <TaskInstance: bigquery_data_load.create_table 2020-09-26T23:00:00+00:00 [running]> 1.0.0.0.0.0.0.0.0.0.0.0.0.0.0.0.0.0.0.0.0.0.0.0.0.0.0.0.0.0.0.0.ip6.arpa
[2020-09-26 17:02:40,208] {bigquery_operator.py:252} INFO - Executing: 
        SELECT * except (rank)
        FROM (
            SELECT
                *,
                ROW_NUMBER() OVER (
                    PARTITION BY vehicle_id ORDER BY DATETIME(date, TIME(hour, minute, 0)) DESC
                ) as rank
            FROM `pika-airflow-tutorial.vehicle_analytics.history`) as latest
        WHERE rank = 1;
        
[2020-09-26 17:02:41,653] {logging_mixin.py:112} INFO - [2020-09-26 17:02:41,651] {bigquery_hook.py:1347} INFO - Waiting for job to complete : pika-airflow-tutorial, job_UXUmknM-S-IPfqjCN8838owEFx4A
[2020-09-26 17:02:47,173] {taskinstance.py:1065} INFO - Marking task as SUCCESS.dag_id=bigquery_data_load, task_id=create_table, execution_date=20200926T230000, start_date=20200927T000240, end_date=20200927T000247
[2020-09-26 17:02:50,112] {logging_mixin.py:112} INFO - [2020-09-26 17:02:50,111] {local_task_job.py:103} INFO - Task exited with return code 0
